  [1m[36m (1.2ms)[0m  [1mCREATE TABLE "schema_migrations" ("version" varchar NOT NULL) [0m
  [1m[35m (0.1ms)[0m  select sqlite_version(*)
  [1m[36m (0.9ms)[0m  [1mCREATE UNIQUE INDEX "unique_schema_migrations" ON "schema_migrations" ("version")[0m
  [1m[35mActiveRecord::SchemaMigration Load (0.1ms)[0m  SELECT "schema_migrations".* FROM "schema_migrations"
Migrating to CreateUsers (20150603182727)
  [1m[36m (0.1ms)[0m  [1mbegin transaction[0m
  [1m[35m (0.5ms)[0m  CREATE TABLE "users" ("id" INTEGER PRIMARY KEY AUTOINCREMENT NOT NULL, "name" varchar, "email" varchar, "created_at" datetime NOT NULL, "updated_at" datetime NOT NULL) 
  [1m[36mSQL (0.2ms)[0m  [1mINSERT INTO "schema_migrations" ("version") VALUES (?)[0m  [["version", "20150603182727"]]
  [1m[35m (0.8ms)[0m  commit transaction
  [1m[36mActiveRecord::SchemaMigration Load (0.1ms)[0m  [1mSELECT "schema_migrations".* FROM "schema_migrations"[0m


Started GET "/" for ::1 at 2015-06-03 13:34:42 -0500
  [1m[36mActiveRecord::SchemaMigration Load (0.2ms)[0m  [1mSELECT "schema_migrations".* FROM "schema_migrations"[0m
Processing by Rails::WelcomeController#index as HTML
  Rendered /Users/ebrengle/.rvm/gems/ruby-2.2.2/gems/railties-4.2.0/lib/rails/templates/rails/welcome/index.html.erb (2.9ms)
Completed 200 OK in 26ms (Views: 15.1ms | ActiveRecord: 0.0ms)


Started GET "/" for ::1 at 2015-06-03 14:04:27 -0500
Processing by Rails::WelcomeController#index as HTML
  Rendered /Users/ebrengle/.rvm/gems/ruby-2.2.2/gems/railties-4.2.0/lib/rails/templates/rails/welcome/index.html.erb (0.7ms)
Completed 200 OK in 20ms (Views: 14.1ms | ActiveRecord: 0.0ms)


Started GET "/users" for ::1 at 2015-06-03 14:04:39 -0500
Processing by UsersController#index as HTML
  [1m[35mUser Load (1.5ms)[0m  SELECT "users".* FROM "users"
  Rendered users/index.html.erb within layouts/application (11.8ms)
Completed 200 OK in 1835ms (Views: 1824.2ms | ActiveRecord: 1.7ms)


Started GET "/assets/users.self-e3b0c44298fc1c149afbf4c8996fb92427ae41e4649b934ca495991b7852b855.css?body=1" for ::1 at 2015-06-03 14:04:41 -0500


Started GET "/assets/scaffolds.self-3ba1129db5dc5f50d7af4ef1291b94e4e6ebc62f92f11dcbc26674457d146d6e.css?body=1" for ::1 at 2015-06-03 14:04:41 -0500


Started GET "/assets/jquery_ujs.self-8e98a7a072a6cee1372d19fff9ff3e6aa1e39a37d89d6f06861637d061113ee7.js?body=1" for ::1 at 2015-06-03 14:04:41 -0500


Started GET "/assets/jquery.self-d03a5518f45df77341bdbe6201ba3bfa547ebba8ed64f0ea56bfa5f96ea7c074.js?body=1" for ::1 at 2015-06-03 14:04:41 -0500


Started GET "/assets/application.self-e80e8f2318043e8af94dddc2adad5a4f09739a8ebb323b3ab31cd71d45fd9113.css?body=1" for ::1 at 2015-06-03 14:04:41 -0500


Started GET "/assets/turbolinks.self-680e388bf7f759d85e2dbe0044d33f55e12b26da721317111c01ec92e53df55e.js?body=1" for ::1 at 2015-06-03 14:04:41 -0500


Started GET "/assets/users.self-877aef30ae1b040ab8a3aba4e3e309a11d7f2612f44dde450b5c157aa5f95c05.js?body=1" for ::1 at 2015-06-03 14:04:41 -0500


Started GET "/assets/application.self-3a3c8b61bda630ee689740ce7cbd0dd8ea6fdd45e2c42eef4661ab38cf268afe.js?body=1" for ::1 at 2015-06-03 14:04:41 -0500


Started GET "/users/new" for ::1 at 2015-06-03 14:04:51 -0500
Processing by UsersController#new as HTML
  Rendered users/_form.html.erb (38.6ms)
  Rendered users/new.html.erb within layouts/application (64.8ms)
Completed 200 OK in 158ms (Views: 150.7ms | ActiveRecord: 0.3ms)


Started GET "/" for ::1 at 2015-06-03 14:07:56 -0500

AbstractController::ActionNotFound (The action 'hello' could not be found for ApplicationController):
  actionpack (4.2.0) lib/abstract_controller/base.rb:132:in `process'
  actionview (4.2.0) lib/action_view/rendering.rb:30:in `process'
  actionpack (4.2.0) lib/action_controller/metal.rb:195:in `dispatch'
  actionpack (4.2.0) lib/action_controller/metal/rack_delegation.rb:13:in `dispatch'
  actionpack (4.2.0) lib/action_controller/metal.rb:236:in `block in action'
  actionpack (4.2.0) lib/action_dispatch/routing/route_set.rb:73:in `call'
  actionpack (4.2.0) lib/action_dispatch/routing/route_set.rb:73:in `dispatch'
  actionpack (4.2.0) lib/action_dispatch/routing/route_set.rb:42:in `serve'
  actionpack (4.2.0) lib/action_dispatch/journey/router.rb:43:in `block in serve'
  actionpack (4.2.0) lib/action_dispatch/journey/router.rb:30:in `each'
  actionpack (4.2.0) lib/action_dispatch/journey/router.rb:30:in `serve'
  actionpack (4.2.0) lib/action_dispatch/routing/route_set.rb:802:in `call'
  rack (1.6.1) lib/rack/etag.rb:24:in `call'
  rack (1.6.1) lib/rack/conditionalget.rb:25:in `call'
  rack (1.6.1) lib/rack/head.rb:13:in `call'
  actionpack (4.2.0) lib/action_dispatch/middleware/params_parser.rb:27:in `call'
  actionpack (4.2.0) lib/action_dispatch/middleware/flash.rb:260:in `call'
  rack (1.6.1) lib/rack/session/abstract/id.rb:225:in `context'
  rack (1.6.1) lib/rack/session/abstract/id.rb:220:in `call'
  actionpack (4.2.0) lib/action_dispatch/middleware/cookies.rb:560:in `call'
  activerecord (4.2.0) lib/active_record/query_cache.rb:36:in `call'
  activerecord (4.2.0) lib/active_record/connection_adapters/abstract/connection_pool.rb:647:in `call'
  activerecord (4.2.0) lib/active_record/migration.rb:378:in `call'
  actionpack (4.2.0) lib/action_dispatch/middleware/callbacks.rb:29:in `block in call'
  activesupport (4.2.0) lib/active_support/callbacks.rb:88:in `call'
  activesupport (4.2.0) lib/active_support/callbacks.rb:88:in `_run_callbacks'
  activesupport (4.2.0) lib/active_support/callbacks.rb:734:in `_run_call_callbacks'
  activesupport (4.2.0) lib/active_support/callbacks.rb:81:in `run_callbacks'
  actionpack (4.2.0) lib/action_dispatch/middleware/callbacks.rb:27:in `call'
  actionpack (4.2.0) lib/action_dispatch/middleware/reloader.rb:73:in `call'
  actionpack (4.2.0) lib/action_dispatch/middleware/remote_ip.rb:78:in `call'
  web-console (2.0.0.beta3) lib/action_dispatch/debug_exceptions.rb:18:in `middleware_call'
  web-console (2.0.0.beta3) lib/action_dispatch/debug_exceptions.rb:13:in `call'
  actionpack (4.2.0) lib/action_dispatch/middleware/show_exceptions.rb:30:in `call'
  railties (4.2.0) lib/rails/rack/logger.rb:38:in `call_app'
  railties (4.2.0) lib/rails/rack/logger.rb:20:in `block in call'
  activesupport (4.2.0) lib/active_support/tagged_logging.rb:68:in `block in tagged'
  activesupport (4.2.0) lib/active_support/tagged_logging.rb:26:in `tagged'
  activesupport (4.2.0) lib/active_support/tagged_logging.rb:68:in `tagged'
  railties (4.2.0) lib/rails/rack/logger.rb:20:in `call'
  actionpack (4.2.0) lib/action_dispatch/middleware/request_id.rb:21:in `call'
  rack (1.6.1) lib/rack/methodoverride.rb:22:in `call'
  rack (1.6.1) lib/rack/runtime.rb:18:in `call'
  activesupport (4.2.0) lib/active_support/cache/strategy/local_cache_middleware.rb:28:in `call'
  rack (1.6.1) lib/rack/lock.rb:17:in `call'
  actionpack (4.2.0) lib/action_dispatch/middleware/static.rb:113:in `call'
  rack (1.6.1) lib/rack/sendfile.rb:113:in `call'
  railties (4.2.0) lib/rails/engine.rb:518:in `call'
  railties (4.2.0) lib/rails/application.rb:164:in `call'
  rack (1.6.1) lib/rack/lock.rb:17:in `call'
  rack (1.6.1) lib/rack/content_length.rb:15:in `call'
  rack (1.6.1) lib/rack/handler/webrick.rb:89:in `service'
  /Users/ebrengle/.rvm/rubies/ruby-2.2.2/lib/ruby/2.2.0/webrick/httpserver.rb:138:in `service'
  /Users/ebrengle/.rvm/rubies/ruby-2.2.2/lib/ruby/2.2.0/webrick/httpserver.rb:94:in `run'
  /Users/ebrengle/.rvm/rubies/ruby-2.2.2/lib/ruby/2.2.0/webrick/server.rb:294:in `block in start_thread'


  Rendered /Users/ebrengle/.rvm/gems/ruby-2.2.2/gems/web-console-2.0.0.beta3/lib/action_dispatch/templates/rescues/unknown_action.html.erb within rescues/layout (0.5ms)


Started GET "/" for ::1 at 2015-06-03 14:09:02 -0500
Processing by UsersController#index as HTML
  [1m[36mUser Load (0.8ms)[0m  [1mSELECT "users".* FROM "users"[0m
  Rendered users/index.html.erb within layouts/application (10.5ms)
Completed 200 OK in 78ms (Views: 74.3ms | ActiveRecord: 0.9ms)


Started GET "/assets/users.self-e3b0c44298fc1c149afbf4c8996fb92427ae41e4649b934ca495991b7852b855.css?body=1" for ::1 at 2015-06-03 14:09:02 -0500


Started GET "/assets/scaffolds.self-3ba1129db5dc5f50d7af4ef1291b94e4e6ebc62f92f11dcbc26674457d146d6e.css?body=1" for ::1 at 2015-06-03 14:09:03 -0500


Started GET "/assets/jquery_ujs.self-8e98a7a072a6cee1372d19fff9ff3e6aa1e39a37d89d6f06861637d061113ee7.js?body=1" for ::1 at 2015-06-03 14:09:03 -0500


Started GET "/assets/application.self-e80e8f2318043e8af94dddc2adad5a4f09739a8ebb323b3ab31cd71d45fd9113.css?body=1" for ::1 at 2015-06-03 14:09:03 -0500


Started GET "/assets/turbolinks.self-680e388bf7f759d85e2dbe0044d33f55e12b26da721317111c01ec92e53df55e.js?body=1" for ::1 at 2015-06-03 14:09:03 -0500


Started GET "/assets/jquery.self-d03a5518f45df77341bdbe6201ba3bfa547ebba8ed64f0ea56bfa5f96ea7c074.js?body=1" for ::1 at 2015-06-03 14:09:03 -0500


Started GET "/assets/users.self-877aef30ae1b040ab8a3aba4e3e309a11d7f2612f44dde450b5c157aa5f95c05.js?body=1" for ::1 at 2015-06-03 14:09:03 -0500


Started GET "/assets/application.self-3a3c8b61bda630ee689740ce7cbd0dd8ea6fdd45e2c42eef4661ab38cf268afe.js?body=1" for ::1 at 2015-06-03 14:09:03 -0500
  [1m[36mActiveRecord::SchemaMigration Load (0.1ms)[0m  [1mSELECT "schema_migrations".* FROM "schema_migrations"[0m
Migrating to CreateMicroposts (20150603191856)
  [1m[35m (0.1ms)[0m  begin transaction
  [1m[36m (0.5ms)[0m  [1mCREATE TABLE "microposts" ("id" INTEGER PRIMARY KEY AUTOINCREMENT NOT NULL, "content" text, "user_id" integer, "created_at" datetime NOT NULL, "updated_at" datetime NOT NULL) [0m
  [1m[35mSQL (0.5ms)[0m  INSERT INTO "schema_migrations" ("version") VALUES (?)  [["version", "20150603191856"]]
  [1m[36m (1.2ms)[0m  [1mcommit transaction[0m
  [1m[35mActiveRecord::SchemaMigration Load (0.2ms)[0m  SELECT "schema_migrations".* FROM "schema_migrations"


Started GET "/" for ::1 at 2015-06-03 14:22:55 -0500
  [1m[35mActiveRecord::SchemaMigration Load (0.3ms)[0m  SELECT "schema_migrations".* FROM "schema_migrations"
Processing by UsersController#index as HTML
  [1m[36mUser Load (0.6ms)[0m  [1mSELECT "users".* FROM "users"[0m
  Rendered users/index.html.erb within layouts/application (4.1ms)
Completed 200 OK in 278ms (Views: 271.1ms | ActiveRecord: 0.8ms)


Started GET "/assets/scaffolds.self-3ba1129db5dc5f50d7af4ef1291b94e4e6ebc62f92f11dcbc26674457d146d6e.css?body=1" for ::1 at 2015-06-03 14:22:56 -0500


Started GET "/assets/microposts.self-e3b0c44298fc1c149afbf4c8996fb92427ae41e4649b934ca495991b7852b855.css?body=1" for ::1 at 2015-06-03 14:22:56 -0500


Started GET "/assets/users.self-e3b0c44298fc1c149afbf4c8996fb92427ae41e4649b934ca495991b7852b855.css?body=1" for ::1 at 2015-06-03 14:22:56 -0500


Started GET "/assets/microposts.self-877aef30ae1b040ab8a3aba4e3e309a11d7f2612f44dde450b5c157aa5f95c05.js?body=1" for ::1 at 2015-06-03 14:22:56 -0500


Started GET "/assets/jquery.self-d03a5518f45df77341bdbe6201ba3bfa547ebba8ed64f0ea56bfa5f96ea7c074.js?body=1" for ::1 at 2015-06-03 14:22:56 -0500


Started GET "/assets/application.self-e80e8f2318043e8af94dddc2adad5a4f09739a8ebb323b3ab31cd71d45fd9113.css?body=1" for ::1 at 2015-06-03 14:22:56 -0500


Started GET "/assets/turbolinks.self-680e388bf7f759d85e2dbe0044d33f55e12b26da721317111c01ec92e53df55e.js?body=1" for ::1 at 2015-06-03 14:22:56 -0500


Started GET "/assets/jquery_ujs.self-8e98a7a072a6cee1372d19fff9ff3e6aa1e39a37d89d6f06861637d061113ee7.js?body=1" for ::1 at 2015-06-03 14:22:56 -0500


Started GET "/assets/users.self-877aef30ae1b040ab8a3aba4e3e309a11d7f2612f44dde450b5c157aa5f95c05.js?body=1" for ::1 at 2015-06-03 14:22:56 -0500


Started GET "/assets/application.self-3a3c8b61bda630ee689740ce7cbd0dd8ea6fdd45e2c42eef4661ab38cf268afe.js?body=1" for ::1 at 2015-06-03 14:22:56 -0500


Started GET "/users/new" for ::1 at 2015-06-03 14:22:57 -0500
Processing by UsersController#new as HTML
  Rendered users/_form.html.erb (4.8ms)
  Rendered users/new.html.erb within layouts/application (9.3ms)
Completed 200 OK in 87ms (Views: 80.5ms | ActiveRecord: 0.4ms)


Started POST "/users" for ::1 at 2015-06-03 14:23:06 -0500
Processing by UsersController#create as HTML
  Parameters: {"utf8"=>"✓", "authenticity_token"=>"a3yykI7p1EEAGHrl8NYUPupW5LdUsGY8wIFtjBnq85eIYty9udTtWh8Zu4WLmiNsjBMXurjm2JWyIDhsw31wZw==", "user"=>{"name"=>"Eric", "email"=>"Eric.Brengle@gmail.com"}, "commit"=>"Create User"}
  [1m[35m (0.2ms)[0m  begin transaction
  [1m[36mSQL (0.9ms)[0m  [1mINSERT INTO "users" ("name", "email", "created_at", "updated_at") VALUES (?, ?, ?, ?)[0m  [["name", "Eric"], ["email", "Eric.Brengle@gmail.com"], ["created_at", "2015-06-03 19:23:06.945996"], ["updated_at", "2015-06-03 19:23:06.945996"]]
  [1m[35m (0.9ms)[0m  commit transaction
Redirected to http://localhost:3000/users/1
Completed 302 Found in 15ms (ActiveRecord: 2.1ms)


Started GET "/users/1" for ::1 at 2015-06-03 14:23:06 -0500
Processing by UsersController#show as HTML
  Parameters: {"id"=>"1"}
  [1m[36mUser Load (0.2ms)[0m  [1mSELECT  "users".* FROM "users" WHERE "users"."id" = ? LIMIT 1[0m  [["id", 1]]
  Rendered users/show.html.erb within layouts/application (1.4ms)
Completed 200 OK in 72ms (Views: 60.5ms | ActiveRecord: 0.2ms)


Started GET "/users" for ::1 at 2015-06-03 14:23:09 -0500
Processing by UsersController#index as HTML
  [1m[35mUser Load (0.2ms)[0m  SELECT "users".* FROM "users"
  Rendered users/index.html.erb within layouts/application (2.4ms)
Completed 200 OK in 70ms (Views: 68.5ms | ActiveRecord: 0.2ms)


Started GET "/users/1" for ::1 at 2015-06-03 14:23:11 -0500
Processing by UsersController#show as HTML
  Parameters: {"id"=>"1"}
  [1m[36mUser Load (0.2ms)[0m  [1mSELECT  "users".* FROM "users" WHERE "users"."id" = ? LIMIT 1[0m  [["id", 1]]
  Rendered users/show.html.erb within layouts/application (0.8ms)
Completed 200 OK in 63ms (Views: 61.3ms | ActiveRecord: 0.2ms)


Started GET "/users" for ::1 at 2015-06-03 14:23:13 -0500
Processing by UsersController#index as HTML
  [1m[35mUser Load (0.2ms)[0m  SELECT "users".* FROM "users"
  Rendered users/index.html.erb within layouts/application (1.5ms)
Completed 200 OK in 67ms (Views: 66.2ms | ActiveRecord: 0.2ms)


Started GET "/users/1" for ::1 at 2015-06-03 14:23:15 -0500
Processing by UsersController#show as HTML
  Parameters: {"id"=>"1"}
  [1m[36mUser Load (0.1ms)[0m  [1mSELECT  "users".* FROM "users" WHERE "users"."id" = ? LIMIT 1[0m  [["id", 1]]
  Rendered users/show.html.erb within layouts/application (0.6ms)
Completed 200 OK in 69ms (Views: 67.5ms | ActiveRecord: 0.1ms)


Started GET "/users/1/edit" for ::1 at 2015-06-03 14:23:17 -0500
Processing by UsersController#edit as HTML
  Parameters: {"id"=>"1"}
  [1m[35mUser Load (0.1ms)[0m  SELECT  "users".* FROM "users" WHERE "users"."id" = ? LIMIT 1  [["id", 1]]
  Rendered users/_form.html.erb (3.0ms)
  Rendered users/edit.html.erb within layouts/application (7.6ms)
Completed 200 OK in 68ms (Views: 66.8ms | ActiveRecord: 0.1ms)


Started GET "/users" for ::1 at 2015-06-03 14:23:20 -0500
Processing by UsersController#index as HTML
  [1m[36mUser Load (0.2ms)[0m  [1mSELECT "users".* FROM "users"[0m
  Rendered users/index.html.erb within layouts/application (1.5ms)
Completed 200 OK in 63ms (Views: 62.0ms | ActiveRecord: 0.2ms)


Started GET "/microposts/new" for ::1 at 2015-06-03 14:23:45 -0500
Processing by MicropostsController#new as HTML
  Rendered microposts/_form.html.erb (6.6ms)
  Rendered microposts/new.html.erb within layouts/application (13.1ms)
Completed 200 OK in 82ms (Views: 73.8ms | ActiveRecord: 0.5ms)


Started POST "/microposts" for ::1 at 2015-06-03 14:24:05 -0500
Processing by MicropostsController#create as HTML
  Parameters: {"utf8"=>"✓", "authenticity_token"=>"caukX1Sr6ueZTflP/nx/7Zl52P7dj+uDR/SGsndA+HiStcpyY5bT/IZMOC+FMEi//zwr8zHZVSo1VdNSrdd7iA==", "micropost"=>{"content"=>"Hello World!", "user_id"=>"1"}, "commit"=>"Create Micropost"}
  [1m[35m (0.1ms)[0m  begin transaction
  [1m[36mSQL (0.4ms)[0m  [1mINSERT INTO "microposts" ("content", "user_id", "created_at", "updated_at") VALUES (?, ?, ?, ?)[0m  [["content", "Hello World!"], ["user_id", 1], ["created_at", "2015-06-03 19:24:05.970289"], ["updated_at", "2015-06-03 19:24:05.970289"]]
  [1m[35m (1.3ms)[0m  commit transaction
Redirected to http://localhost:3000/microposts/1
Completed 302 Found in 7ms (ActiveRecord: 1.8ms)


Started GET "/microposts/1" for ::1 at 2015-06-03 14:24:05 -0500
Processing by MicropostsController#show as HTML
  Parameters: {"id"=>"1"}
  [1m[36mMicropost Load (0.2ms)[0m  [1mSELECT  "microposts".* FROM "microposts" WHERE "microposts"."id" = ? LIMIT 1[0m  [["id", 1]]
  Rendered microposts/show.html.erb within layouts/application (0.8ms)
Completed 200 OK in 70ms (Views: 67.7ms | ActiveRecord: 0.2ms)


Started GET "/microposts" for ::1 at 2015-06-03 14:24:15 -0500
Processing by MicropostsController#index as HTML
  [1m[35mMicropost Load (0.2ms)[0m  SELECT "microposts".* FROM "microposts"
  Rendered microposts/index.html.erb within layouts/application (2.0ms)
Completed 200 OK in 83ms (Views: 82.3ms | ActiveRecord: 0.2ms)


Started GET "/microposts/new" for ::1 at 2015-06-03 14:24:27 -0500
Processing by MicropostsController#new as HTML
  Rendered microposts/_form.html.erb (2.9ms)
  Rendered microposts/new.html.erb within layouts/application (9.3ms)
Completed 200 OK in 85ms (Views: 84.3ms | ActiveRecord: 0.0ms)


Started POST "/microposts" for ::1 at 2015-06-03 14:24:35 -0500
Processing by MicropostsController#create as HTML
  Parameters: {"utf8"=>"✓", "authenticity_token"=>"Wj83pGqpMTLOZiwMdVbKc1TGcKLyQAh33BVxYOqLB765IVmJXZQIKdFn7WwOGv0hMoODrx4Wtt6utCSAMByETg==", "micropost"=>{"content"=>"Hello earth!", "user_id"=>"2"}, "commit"=>"Create Micropost"}
  [1m[36m (0.1ms)[0m  [1mbegin transaction[0m
  [1m[35mSQL (0.9ms)[0m  INSERT INTO "microposts" ("content", "user_id", "created_at", "updated_at") VALUES (?, ?, ?, ?)  [["content", "Hello earth!"], ["user_id", 2], ["created_at", "2015-06-03 19:24:35.848177"], ["updated_at", "2015-06-03 19:24:35.848177"]]
  [1m[36m (1.4ms)[0m  [1mcommit transaction[0m
Redirected to http://localhost:3000/microposts/2
Completed 302 Found in 8ms (ActiveRecord: 2.4ms)


Started GET "/microposts/2" for ::1 at 2015-06-03 14:24:35 -0500
Processing by MicropostsController#show as HTML
  Parameters: {"id"=>"2"}
  [1m[35mMicropost Load (0.2ms)[0m  SELECT  "microposts".* FROM "microposts" WHERE "microposts"."id" = ? LIMIT 1  [["id", 2]]
  Rendered microposts/show.html.erb within layouts/application (0.8ms)
Completed 200 OK in 76ms (Views: 74.1ms | ActiveRecord: 0.2ms)


Started GET "/microposts" for ::1 at 2015-06-03 14:24:38 -0500
Processing by MicropostsController#index as HTML
  [1m[36mMicropost Load (0.2ms)[0m  [1mSELECT "microposts".* FROM "microposts"[0m
  Rendered microposts/index.html.erb within layouts/application (1.9ms)
Completed 200 OK in 65ms (Views: 64.7ms | ActiveRecord: 0.2ms)


Started GET "/microposts/2/edit" for ::1 at 2015-06-03 14:24:41 -0500
Processing by MicropostsController#edit as HTML
  Parameters: {"id"=>"2"}
  [1m[35mMicropost Load (0.1ms)[0m  SELECT  "microposts".* FROM "microposts" WHERE "microposts"."id" = ? LIMIT 1  [["id", 2]]
  Rendered microposts/_form.html.erb (2.9ms)
  Rendered microposts/edit.html.erb within layouts/application (8.2ms)
Completed 200 OK in 75ms (Views: 73.3ms | ActiveRecord: 0.1ms)


Started PATCH "/microposts/2" for ::1 at 2015-06-03 14:24:46 -0500
Processing by MicropostsController#update as HTML
  Parameters: {"utf8"=>"✓", "authenticity_token"=>"F/yrVEQxTg9I/bkhydwUv8pZNC3Kl/U2Kztpo5B2+0P04sV5cwx3FFf8eEGykCPtrBzHICbBS59ZmjxDSuF4sw==", "micropost"=>{"content"=>"Hello Earth!", "user_id"=>"2"}, "commit"=>"Update Micropost", "id"=>"2"}
  [1m[36mMicropost Load (0.3ms)[0m  [1mSELECT  "microposts".* FROM "microposts" WHERE "microposts"."id" = ? LIMIT 1[0m  [["id", 2]]
  [1m[35m (0.1ms)[0m  begin transaction
  [1m[36mSQL (0.5ms)[0m  [1mUPDATE "microposts" SET "content" = ?, "updated_at" = ? WHERE "microposts"."id" = ?[0m  [["content", "Hello Earth!"], ["updated_at", "2015-06-03 19:24:46.516947"], ["id", 2]]
  [1m[35m (3.7ms)[0m  commit transaction
Redirected to http://localhost:3000/microposts/2
Completed 302 Found in 12ms (ActiveRecord: 4.5ms)


Started GET "/microposts/2" for ::1 at 2015-06-03 14:24:46 -0500
Processing by MicropostsController#show as HTML
  Parameters: {"id"=>"2"}
  [1m[36mMicropost Load (0.2ms)[0m  [1mSELECT  "microposts".* FROM "microposts" WHERE "microposts"."id" = ? LIMIT 1[0m  [["id", 2]]
  Rendered microposts/show.html.erb within layouts/application (0.4ms)
Completed 200 OK in 59ms (Views: 57.7ms | ActiveRecord: 0.1ms)


Started GET "/microposts" for ::1 at 2015-06-03 14:24:48 -0500
Processing by MicropostsController#index as HTML
  [1m[35mMicropost Load (0.3ms)[0m  SELECT "microposts".* FROM "microposts"
  Rendered microposts/index.html.erb within layouts/application (1.9ms)
Completed 200 OK in 61ms (Views: 60.1ms | ActiveRecord: 0.3ms)


Started GET "/microposts/new" for ::1 at 2015-06-03 14:26:52 -0500
Processing by MicropostsController#new as HTML
  Rendered microposts/_form.html.erb (2.2ms)
  Rendered microposts/new.html.erb within layouts/application (6.5ms)
Completed 200 OK in 90ms (Views: 82.9ms | ActiveRecord: 0.6ms)


Started POST "/microposts" for ::1 at 2015-06-03 14:27:33 -0500
Processing by MicropostsController#create as HTML
  Parameters: {"utf8"=>"✓", "authenticity_token"=>"zsMHym2JS8Vwrt/1NRpBRu2Cu/4d0D7YRFiI/i4/c8wt3WnnWrRy3m+vHpVOVnYUi8dI8/GGgHE2+d0e9KjwPA==", "micropost"=>{"content"=>"This post should be much longer than 140 characters and then should generate an error so the user cannot post it to the database.", "user_id"=>"1"}, "commit"=>"Create Micropost"}
  [1m[36m (0.1ms)[0m  [1mbegin transaction[0m
  [1m[35mSQL (0.5ms)[0m  INSERT INTO "microposts" ("content", "user_id", "created_at", "updated_at") VALUES (?, ?, ?, ?)  [["content", "This post should be much longer than 140 characters and then should generate an error so the user cannot post it to the database."], ["user_id", 1], ["created_at", "2015-06-03 19:27:33.663257"], ["updated_at", "2015-06-03 19:27:33.663257"]]
  [1m[36m (0.9ms)[0m  [1mcommit transaction[0m
Redirected to http://localhost:3000/microposts/3
Completed 302 Found in 7ms (ActiveRecord: 1.6ms)


Started GET "/microposts/3" for ::1 at 2015-06-03 14:27:33 -0500
Processing by MicropostsController#show as HTML
  Parameters: {"id"=>"3"}
  [1m[35mMicropost Load (0.2ms)[0m  SELECT  "microposts".* FROM "microposts" WHERE "microposts"."id" = ? LIMIT 1  [["id", 3]]
  Rendered microposts/show.html.erb within layouts/application (0.4ms)
Completed 200 OK in 61ms (Views: 58.9ms | ActiveRecord: 0.2ms)


Started GET "/microposts/3" for ::1 at 2015-06-03 14:27:37 -0500
Processing by MicropostsController#show as HTML
  Parameters: {"id"=>"3"}
  [1m[36mMicropost Load (0.1ms)[0m  [1mSELECT  "microposts".* FROM "microposts" WHERE "microposts"."id" = ? LIMIT 1[0m  [["id", 3]]
  Rendered microposts/show.html.erb within layouts/application (0.4ms)
Completed 200 OK in 48ms (Views: 47.2ms | ActiveRecord: 0.1ms)


Started GET "/assets/microposts.self-e3b0c44298fc1c149afbf4c8996fb92427ae41e4649b934ca495991b7852b855.css?body=1" for ::1 at 2015-06-03 14:27:37 -0500


Started GET "/assets/users.self-e3b0c44298fc1c149afbf4c8996fb92427ae41e4649b934ca495991b7852b855.css?body=1" for ::1 at 2015-06-03 14:27:37 -0500


Started GET "/assets/scaffolds.self-3ba1129db5dc5f50d7af4ef1291b94e4e6ebc62f92f11dcbc26674457d146d6e.css?body=1" for ::1 at 2015-06-03 14:27:37 -0500


Started GET "/assets/jquery.self-d03a5518f45df77341bdbe6201ba3bfa547ebba8ed64f0ea56bfa5f96ea7c074.js?body=1" for ::1 at 2015-06-03 14:27:37 -0500


Started GET "/assets/jquery_ujs.self-8e98a7a072a6cee1372d19fff9ff3e6aa1e39a37d89d6f06861637d061113ee7.js?body=1" for ::1 at 2015-06-03 14:27:37 -0500


Started GET "/assets/application.self-e80e8f2318043e8af94dddc2adad5a4f09739a8ebb323b3ab31cd71d45fd9113.css?body=1" for ::1 at 2015-06-03 14:27:37 -0500


Started GET "/assets/turbolinks.self-680e388bf7f759d85e2dbe0044d33f55e12b26da721317111c01ec92e53df55e.js?body=1" for ::1 at 2015-06-03 14:27:37 -0500


Started GET "/assets/microposts.self-877aef30ae1b040ab8a3aba4e3e309a11d7f2612f44dde450b5c157aa5f95c05.js?body=1" for ::1 at 2015-06-03 14:27:37 -0500


Started GET "/assets/users.self-877aef30ae1b040ab8a3aba4e3e309a11d7f2612f44dde450b5c157aa5f95c05.js?body=1" for ::1 at 2015-06-03 14:27:37 -0500


Started GET "/assets/application.self-3a3c8b61bda630ee689740ce7cbd0dd8ea6fdd45e2c42eef4661ab38cf268afe.js?body=1" for ::1 at 2015-06-03 14:27:37 -0500


Started GET "/microposts/3/edit" for ::1 at 2015-06-03 14:27:39 -0500
Processing by MicropostsController#edit as HTML
  Parameters: {"id"=>"3"}
  [1m[35mMicropost Load (0.1ms)[0m  SELECT  "microposts".* FROM "microposts" WHERE "microposts"."id" = ? LIMIT 1  [["id", 3]]
  Rendered microposts/_form.html.erb (1.8ms)
  Rendered microposts/edit.html.erb within layouts/application (6.1ms)
Completed 200 OK in 65ms (Views: 63.2ms | ActiveRecord: 0.1ms)


Started PATCH "/microposts/3" for ::1 at 2015-06-03 14:27:41 -0500
Processing by MicropostsController#update as HTML
  Parameters: {"utf8"=>"✓", "authenticity_token"=>"qjWWQvLpjNrq5ZXnWYysAME1HcoNjT81fU3pROb+F6VJK/hvxdS1wfXkVIciwJtSp3Dux+HbgZwP7LykPGmUVQ==", "micropost"=>{"content"=>"This post should be much longer than 140 characters and then should generate an error so the user cannot post it to the database.", "user_id"=>"1"}, "commit"=>"Update Micropost", "id"=>"3"}
  [1m[36mMicropost Load (0.2ms)[0m  [1mSELECT  "microposts".* FROM "microposts" WHERE "microposts"."id" = ? LIMIT 1[0m  [["id", 3]]
  [1m[35m (0.1ms)[0m  begin transaction
  [1m[36m (0.1ms)[0m  [1mcommit transaction[0m
Redirected to http://localhost:3000/microposts/3
Completed 302 Found in 4ms (ActiveRecord: 0.4ms)


Started GET "/microposts/3" for ::1 at 2015-06-03 14:27:41 -0500
Processing by MicropostsController#show as HTML
  Parameters: {"id"=>"3"}
  [1m[35mMicropost Load (0.1ms)[0m  SELECT  "microposts".* FROM "microposts" WHERE "microposts"."id" = ? LIMIT 1  [["id", 3]]
  Rendered microposts/show.html.erb within layouts/application (0.4ms)
Completed 200 OK in 58ms (Views: 57.1ms | ActiveRecord: 0.1ms)


Started GET "/microposts/3/edit" for ::1 at 2015-06-03 14:27:44 -0500
Processing by MicropostsController#edit as HTML
  Parameters: {"id"=>"3"}
  [1m[36mMicropost Load (0.1ms)[0m  [1mSELECT  "microposts".* FROM "microposts" WHERE "microposts"."id" = ? LIMIT 1[0m  [["id", 3]]
  Rendered microposts/_form.html.erb (1.5ms)
  Rendered microposts/edit.html.erb within layouts/application (5.4ms)
Completed 200 OK in 55ms (Views: 53.9ms | ActiveRecord: 0.1ms)


Started PATCH "/microposts/3" for ::1 at 2015-06-03 14:28:03 -0500
Processing by MicropostsController#update as HTML
  Parameters: {"utf8"=>"✓", "authenticity_token"=>"l6843RhShdq8qKT0uQGua/D71bESt/J/oBU5ZR0wk0R0sVbwL2+8waOpZZTCTZk5lr4mvP7hTNbStGyFx6cQtA==", "micropost"=>{"content"=>"This post should be much longer than 140 characters and then should generate an error so the user cannot post it to the database. This post should be much longer than 140 characters and then should generate an error so the user cannot post it to the database.This post should be much longer than 140 characters and then should generate an error so the user cannot post it to the database.This post should be much longer than 140 characters and then should generate an error so the user cannot post it to the database.This post should be much longer than 140 characters and then should generate an error so the user cannot post it to the database.This post should be much longer than 140 characters and then should generate an error so the user cannot post it to the database.", "user_id"=>"1"}, "commit"=>"Update Micropost", "id"=>"3"}
  [1m[35mMicropost Load (0.3ms)[0m  SELECT  "microposts".* FROM "microposts" WHERE "microposts"."id" = ? LIMIT 1  [["id", 3]]
  [1m[36m (0.1ms)[0m  [1mbegin transaction[0m
  [1m[35m (0.1ms)[0m  rollback transaction
  Rendered microposts/_form.html.erb (2.6ms)
  Rendered microposts/edit.html.erb within layouts/application (6.2ms)
Completed 200 OK in 76ms (Views: 68.4ms | ActiveRecord: 0.5ms)
  [1m[36mUser Load (0.3ms)[0m  [1mSELECT  "users".* FROM "users"  ORDER BY "users"."id" ASC LIMIT 1[0m
  [1m[35mMicropost Load (0.3ms)[0m  SELECT "microposts".* FROM "microposts" WHERE "microposts"."user_id" = ?  [["user_id", 1]]
